<?xml version="1.0" encoding="UTF-8"?>
<testsuite name="EmployeePayRollServiceTest" tests="1" skipped="0" failures="0" errors="0" timestamp="2021-07-27T14:34:58" hostname="DESKTOP-8P64EGP" time="0.329">
  <properties/>
  <testcase name="givenPayrRollData_WhenAverageSalaryRetieved_ShouldGiveProperVal()" classname="EmployeePayRollServiceTest" time="0.329"/>
  <system-out><![CDATA[Driver loaded
Connecting to database jdbc:mysql://localhost:3306/payrollservicedb?useSSL=false
Connection is successful!!!com.mysql.cj.jdbc.ConnectionImpl@a48af6e
Driver loaded
Connecting to database jdbc:mysql://localhost:3306/payrollservicedb?useSSL=false
Connection is successful!!!com.mysql.cj.jdbc.ConnectionImpl@30d67155
]]></system-out>
  <system-err><![CDATA[]]></system-err>
</testsuite>
